<?xml version="1.0" encoding="UTF-8"?>
<testng-results ignored="0" total="2" passed="2" failed="0" skipped="0">
  <reporter-output>
  </reporter-output>
  <suite started-at="2026-03-11T17:37:04 IST" name="Default suite" finished-at="2026-03-11T17:37:27 IST" duration-ms="22668">
    <groups>
    </groups>
    <test started-at="2026-03-11T17:37:04 IST" name="Default test" finished-at="2026-03-11T17:37:27 IST" duration-ms="22668">
      <class name="com.Maven.AddDesignation">
        <test-method is-config="true" signature="setUp()[pri:0, instance:com.Maven.AddDesignation@399c4be1]" started-at="2026-03-11T17:37:04 IST" name="setUp" finished-at="2026-03-11T17:37:08 IST" duration-ms="3765" status="PASS">
          <reporter-output>
          </reporter-output>
        </test-method> <!-- setUp -->
        <test-method signature="loginAndOpenAddDesignation()[pri:1, instance:com.Maven.AddDesignation@399c4be1]" started-at="2026-03-11T17:37:08 IST" name="loginAndOpenAddDesignation" finished-at="2026-03-11T17:37:19 IST" duration-ms="11671" status="PASS">
          <reporter-output>
          </reporter-output>
        </test-method> <!-- loginAndOpenAddDesignation -->
        <test-method signature="addField()[pri:2, instance:com.Maven.AddDesignation@399c4be1]" started-at="2026-03-11T17:37:19 IST" name="addField" finished-at="2026-03-11T17:37:25 IST" duration-ms="5243" status="PASS">
          <reporter-output>
          </reporter-output>
        </test-method> <!-- addField -->
        <test-method is-config="true" signature="tearDown()[pri:0, instance:com.Maven.AddDesignation@399c4be1]" started-at="2026-03-11T17:37:25 IST" name="tearDown" finished-at="2026-03-11T17:37:27 IST" duration-ms="1933" status="PASS">
          <reporter-output>
          </reporter-output>
        </test-method> <!-- tearDown -->
      </class> <!-- com.Maven.AddDesignation -->
    </test> <!-- Default test -->
  </suite> <!-- Default suite -->
</testng-results>
